c:\users\idoav\desktop\תואר מדעי המחשב\שנה ב\סמסטר ב\תכנות מכוון עצמים ושפת ++c\פרויקטים\ex 3\thunderbirds ex3\thunderbirds ex3\debug\vc142.pdb
c:\users\idoav\desktop\תואר מדעי המחשב\שנה ב\סמסטר ב\תכנות מכוון עצמים ושפת ++c\פרויקטים\ex 3\thunderbirds ex3\thunderbirds ex3\debug\vc142.idb
c:\users\idoav\desktop\תואר מדעי המחשב\שנה ב\סמסטר ב\תכנות מכוון עצמים ושפת ++c\פרויקטים\ex 3\thunderbirds ex3\thunderbirds ex3\debug\main.obj
c:\users\idoav\desktop\תואר מדעי המחשב\שנה ב\סמסטר ב\תכנות מכוון עצמים ושפת ++c\פרויקטים\ex 3\thunderbirds ex3\thunderbirds ex3\debug\menu.obj
c:\users\idoav\desktop\תואר מדעי המחשב\שנה ב\סמסטר ב\תכנות מכוון עצמים ושפת ++c\פרויקטים\ex 3\thunderbirds ex3\thunderbirds ex3\debug\game.obj
c:\users\idoav\desktop\תואר מדעי המחשב\שנה ב\סמסטר ב\תכנות מכוון עצמים ושפת ++c\פרויקטים\ex 3\thunderbirds ex3\thunderbirds ex3\debug\ship.obj
c:\users\idoav\desktop\תואר מדעי המחשב\שנה ב\סמסטר ב\תכנות מכוון עצמים ושפת ++c\פרויקטים\ex 3\thunderbirds ex3\thunderbirds ex3\debug\block.obj
c:\users\idoav\desktop\תואר מדעי המחשב\שנה ב\סמסטר ב\תכנות מכוון עצמים ושפת ++c\פרויקטים\ex 3\thunderbirds ex3\thunderbirds ex3\debug\utils.obj
c:\users\idoav\desktop\תואר מדעי המחשב\שנה ב\סמסטר ב\תכנות מכוון עצמים ושפת ++c\פרויקטים\ex 3\thunderbirds ex3\thunderbirds ex3\debug\point.obj
c:\users\idoav\desktop\תואר מדעי המחשב\שנה ב\סמסטר ב\תכנות מכוון עצמים ושפת ++c\פרויקטים\ex 3\thunderbirds ex3\thunderbirds ex3\debug\ghost.obj
c:\users\idoav\desktop\תואר מדעי המחשב\שנה ב\סמסטר ב\תכנות מכוון עצמים ושפת ++c\פרויקטים\ex 3\thunderbirds ex3\thunderbirds ex3\debug\board.obj
c:\users\idoav\desktop\תואר מדעי המחשב\שנה ב\סמסטר ב\תכנות מכוון עצמים ושפת ++c\פרויקטים\ex 3\thunderbirds ex3\debug\thunderbirds ex3.exe
c:\users\idoav\desktop\תואר מדעי המחשב\שנה ב\סמסטר ב\תכנות מכוון עצמים ושפת ++c\פרויקטים\ex 3\thunderbirds ex3\debug\thunderbirds ex3.ilk
c:\users\idoav\desktop\תואר מדעי המחשב\שנה ב\סמסטר ב\תכנות מכוון עצמים ושפת ++c\פרויקטים\ex 3\thunderbirds ex3\debug\thunderbirds ex3.pdb
c:\users\idoav\desktop\תואר מדעי המחשב\שנה ב\סמסטר ב\תכנות מכוון עצמים ושפת ++c\פרויקטים\ex 3\thunderbirds ex3\thunderbirds ex3\debug\thunderbirds ex3.tlog\cl.command.1.tlog
c:\users\idoav\desktop\תואר מדעי המחשב\שנה ב\סמסטר ב\תכנות מכוון עצמים ושפת ++c\פרויקטים\ex 3\thunderbirds ex3\thunderbirds ex3\debug\thunderbirds ex3.tlog\cl.read.1.tlog
c:\users\idoav\desktop\תואר מדעי המחשב\שנה ב\סמסטר ב\תכנות מכוון עצמים ושפת ++c\פרויקטים\ex 3\thunderbirds ex3\thunderbirds ex3\debug\thunderbirds ex3.tlog\cl.write.1.tlog
c:\users\idoav\desktop\תואר מדעי המחשב\שנה ב\סמסטר ב\תכנות מכוון עצמים ושפת ++c\פרויקטים\ex 3\thunderbirds ex3\thunderbirds ex3\debug\thunderbirds ex3.tlog\link.command.1.tlog
c:\users\idoav\desktop\תואר מדעי המחשב\שנה ב\סמסטר ב\תכנות מכוון עצמים ושפת ++c\פרויקטים\ex 3\thunderbirds ex3\thunderbirds ex3\debug\thunderbirds ex3.tlog\link.read.1.tlog
c:\users\idoav\desktop\תואר מדעי המחשב\שנה ב\סמסטר ב\תכנות מכוון עצמים ושפת ++c\פרויקטים\ex 3\thunderbirds ex3\thunderbirds ex3\debug\thunderbirds ex3.tlog\link.write.1.tlog
